warning package.json: No license field
warning No license field
warning No license field
warning package.json: No license field
warning No license field
warning package.json: No license field
FAIL tests/randomnumber.test.js
  ✕ Get random from 0 to 10 (15 ms)

  ● Get random from 0 to 10

    expect(received).toBeLessThan(expected)

    Expected: < 5
    Received:   9.874340321432253

       7 |   const greatherNumber = 5;
       8 |   console.log(randomNumber, greatherNumber)
    >  9 |   expect(randomNumber).toBeLessThan(greatherNumber);
         |                        ^
      10 | });

      at Object.toBeLessThan (tests/randomnumber.test.js:9:24)

Test Suites: 1 failed, 1 total
Tests:       1 failed, 1 total
Snapshots:   0 total
Time:        0.237 s, estimated 1 s
Ran all test suites.
error Command failed with exit code 1.
warning package.json: No license field
PASS tests/randomnumber.test.js
  ✓ Get random from 0 to 10 (15 ms)

Test Suites: 1 passed, 1 total
Tests:       1 passed, 1 total
Snapshots:   0 total
Time:        0.171 s, estimated 1 s
Ran all test suites.
warning package.json: No license field
FAIL tests/randomnumber.test.js
  ✕ Get random from 0 to 10 (16 ms)

  ● Get random from 0 to 10

    expect(received).toBeLessThan(expected)

    Expected: < 5
    Received:   6.766584670591332

       7 |   const greatherNumber = 5;
       8 |   console.log(randomNumber, greatherNumber)
    >  9 |   expect(randomNumber).toBeLessThan(greatherNumber);
         |                        ^
      10 | });

      at Object.toBeLessThan (tests/randomnumber.test.js:9:24)

Test Suites: 1 failed, 1 total
Tests:       1 failed, 1 total
Snapshots:   0 total
Time:        0.198 s, estimated 1 s
Ran all test suites.
error Command failed with exit code 1.
warning package.json: No license field
PASS tests/randomnumber.test.js
  ✓ Get random from 0 to 10 (15 ms)

Test Suites: 1 passed, 1 total
Tests:       1 passed, 1 total
Snapshots:   0 total
Time:        0.175 s, estimated 1 s
Ran all test suites.
warning package.json: No license field
FAIL tests/randomnumber.test.js
  ✕ Get random from 0 to 10 (15 ms)

  ● Get random from 0 to 10

    expect(received).toBeLessThan(expected)

    Expected: < 5
    Received:   8.473485308070343

       7 |   const greatherNumber = 5;
       8 |   console.log(randomNumber, greatherNumber)
    >  9 |   expect(randomNumber).toBeLessThan(greatherNumber);
         |                        ^
      10 | });

      at Object.toBeLessThan (tests/randomnumber.test.js:9:24)

Test Suites: 1 failed, 1 total
Tests:       1 failed, 1 total
Snapshots:   0 total
Time:        0.192 s, estimated 1 s
Ran all test suites.
error Command failed with exit code 1.
